This is pdfTeX, Version 3.141592653-2.6-1.40.24 (TeX Live 2022) (preloaded format=pdflatex 2022.8.23)  23 AUG 2022 23:11
entering extended mode
 restricted \write18 enabled.
 %&-line parsing enabled.
**mytemplate.tex
(./mytemplate.tex
LaTeX2e <2022-06-01> patch level 5
L3 programming layer <2022-08-05>

! LaTeX Error: Missing \begin{document}.

See the LaTeX manual or LaTeX Companion for explanation.
Type  H <return>  for immediate help.
 ...                                              
                                                  
l.4 $
     if(colorlinks)$
You're in trouble here.  Try typing  <return>  to proceed.
If that doesn't work, type  X <return>  to quit.

LaTeX Font Info:    External font `cmex10' loaded for size
(Font)              <7> on input line 4.
LaTeX Font Info:    External font `cmex10' loaded for size
(Font)              <5> on input line 4.

! LaTeX Error: File `$documentclass$.cls' not found.

Type X to quit or <RETURN> to proceed,
or enter new name. (Default extension: cls)

Enter file name: 
! Emergency stop.
<read *> 
         
l.39 $
      if(beamer)$^^M
*** (cannot \read from terminal in nonstop modes)

 
Here is how much of TeX's memory you used:
 40 strings out of 479620
 813 string characters out of 5876257
 297019 words of memory out of 5000000
 18690 multiletter control sequences out of 15000+600000
 469259 words of font info for 28 fonts, out of 8000000 for 9000
 14 hyphenation exceptions out of 8191
 19i,1n,29p,137b,57s stack positions out of 10000i,1000n,20000p,200000b,200000s
!  ==> Fatal error occurred, no output PDF file produced!
