This is pdfTeX, Version 3.14159265-2.6-1.40.21 (TeX Live 2020/W32TeX) (preloaded format=pdflatex 2021.3.20)  3 MAY 2021 06:00
entering extended mode
 restricted \write18 enabled.
 %&-line parsing enabled.
**paper.tex
(./paper.tex
LaTeX2e <2020-10-01> patch level 4
L3 programming layer <2021-02-18>
(c:/Users/Francisco Meneses R/AppData/Roaming/TinyTeX/texmf-dist/tex/latex/base
/article.cls
Document Class: article 2020/04/10 v1.4m Standard LaTeX document class

(c:/Users/Francisco Meneses R/AppData/Roaming/TinyTeX/texmf-dist/tex/latex/base
/size12.clo
File: size12.clo 2020/04/10 v1.4m Standard LaTeX file (size option)
)
\c@part=\count179
\c@section=\count180
\c@subsection=\count181
\c@subsubsection=\count182
\c@paragraph=\count183
\c@subparagraph=\count184
\c@figure=\count185
\c@table=\count186
\abovecaptionskip=\skip47
\belowcaptionskip=\skip48
\bibindent=\dimen138
)
(c:/Users/Francisco Meneses R/AppData/Roaming/TinyTeX/texmf-dist/tex/latex/lm/l
modern.sty
Package: lmodern 2009/10/30 v1.6 Latin Modern Fonts
LaTeX Font Info:    Overwriting symbol font `operators' in version `normal'
(Font)                  OT1/cmr/m/n --> OT1/lmr/m/n on input line 22.
LaTeX Font Info:    Overwriting symbol font `letters' in version `normal'
(Font)                  OML/cmm/m/it --> OML/lmm/m/it on input line 23.
LaTeX Font Info:    Overwriting symbol font `symbols' in version `normal'
(Font)                  OMS/cmsy/m/n --> OMS/lmsy/m/n on input line 24.
LaTeX Font Info:    Overwriting symbol font `largesymbols' in version `normal'
(Font)                  OMX/cmex/m/n --> OMX/lmex/m/n on input line 25.
LaTeX Font Info:    Overwriting symbol font `operators' in version `bold'
(Font)                  OT1/cmr/bx/n --> OT1/lmr/bx/n on input line 26.
LaTeX Font Info:    Overwriting symbol font `letters' in version `bold'
(Font)                  OML/cmm/b/it --> OML/lmm/b/it on input line 27.
LaTeX Font Info:    Overwriting symbol font `symbols' in version `bold'
(Font)                  OMS/cmsy/b/n --> OMS/lmsy/b/n on input line 28.
LaTeX Font Info:    Overwriting symbol font `largesymbols' in version `bold'
(Font)                  OMX/cmex/m/n --> OMX/lmex/m/n on input line 29.
LaTeX Font Info:    Overwriting math alphabet `\mathbf' in version `normal'
(Font)                  OT1/cmr/bx/n --> OT1/lmr/bx/n on input line 31.
LaTeX Font Info:    Overwriting math alphabet `\mathsf' in version `normal'
(Font)                  OT1/cmss/m/n --> OT1/lmss/m/n on input line 32.
LaTeX Font Info:    Overwriting math alphabet `\mathit' in version `normal'
(Font)                  OT1/cmr/m/it --> OT1/lmr/m/it on input line 33.
LaTeX Font Info:    Overwriting math alphabet `\mathtt' in version `normal'
(Font)                  OT1/cmtt/m/n --> OT1/lmtt/m/n on input line 34.
LaTeX Font Info:    Overwriting math alphabet `\mathbf' in version `bold'
(Font)                  OT1/cmr/bx/n --> OT1/lmr/bx/n on input line 35.
LaTeX Font Info:    Overwriting math alphabet `\mathsf' in version `bold'
(Font)                  OT1/cmss/bx/n --> OT1/lmss/bx/n on input line 36.
LaTeX Font Info:    Overwriting math alphabet `\mathit' in version `bold'
(Font)                  OT1/cmr/bx/it --> OT1/lmr/bx/it on input line 37.
LaTeX Font Info:    Overwriting math alphabet `\mathtt' in version `bold'
(Font)                  OT1/cmtt/m/n --> OT1/lmtt/m/n on input line 38.
)
(c:/Users/Francisco Meneses R/AppData/Roaming/TinyTeX/texmf-dist/tex/latex/sets
pace/setspace.sty
Package: setspace 2011/12/19 v6.7a set line spacing
)
(c:/Users/Francisco Meneses R/AppData/Roaming/TinyTeX/texmf-dist/tex/latex/amsf
onts/amssymb.sty
Package: amssymb 2013/01/14 v3.01 AMS font symbols

(c:/Users/Francisco Meneses R/AppData/Roaming/TinyTeX/texmf-dist/tex/latex/amsf
onts/amsfonts.sty
Package: amsfonts 2013/01/14 v3.01 Basic AMSFonts support
\@emptytoks=\toks15
\symAMSa=\mathgroup4
\symAMSb=\mathgroup5
LaTeX Font Info:    Redeclaring math symbol \hbar on input line 98.
LaTeX Font Info:    Overwriting math alphabet `\mathfrak' in version `bold'
(Font)                  U/euf/m/n --> U/euf/b/n on input line 106.
))
(c:/Users/Francisco Meneses R/AppData/Roaming/TinyTeX/texmf-dist/tex/latex/amsm
ath/amsmath.sty
Package: amsmath 2020/09/23 v2.17i AMS math features
\@mathmargin=\skip49
For additional information on amsmath, use the `?' option.

(c:/Users/Francisco Meneses R/AppData/Roaming/TinyTeX/texmf-dist/tex/latex/amsm
ath/amstext.sty
Package: amstext 2000/06/29 v2.01 AMS text

(c:/Users/Francisco Meneses R/AppData/Roaming/TinyTeX/texmf-dist/tex/latex/amsm
ath/amsgen.sty
File: amsgen.sty 1999/11/30 v2.0 generic functions
\@emptytoks=\toks16
\ex@=\dimen139
))
(c:/Users/Francisco Meneses R/AppData/Roaming/TinyTeX/texmf-dist/tex/latex/amsm
ath/amsbsy.sty
Package: amsbsy 1999/11/29 v1.2d Bold Symbols
\pmbraise@=\dimen140
)
(c:/Users/Francisco Meneses R/AppData/Roaming/TinyTeX/texmf-dist/tex/latex/amsm
ath/amsopn.sty
Package: amsopn 2016/03/08 v2.02 operator names
)
\inf@bad=\count187
LaTeX Info: Redefining \frac on input line 234.
\uproot@=\count188
\leftroot@=\count189
LaTeX Info: Redefining \overline on input line 399.
\classnum@=\count190
\DOTSCASE@=\count191
LaTeX Info: Redefining \ldots on input line 496.
LaTeX Info: Redefining \dots on input line 499.
LaTeX Info: Redefining \cdots on input line 620.
\Mathstrutbox@=\box47
\strutbox@=\box48
\big@size=\dimen141
LaTeX Font Info:    Redeclaring font encoding OML on input line 743.
LaTeX Font Info:    Redeclaring font encoding OMS on input line 744.
\macc@depth=\count192
\c@MaxMatrixCols=\count193
\dotsspace@=\muskip16
\c@parentequation=\count194
\dspbrk@lvl=\count195
\tag@help=\toks17
\row@=\count196
\column@=\count197
\maxfields@=\count198
\andhelp@=\toks18
\eqnshift@=\dimen142
\alignsep@=\dimen143
\tagshift@=\dimen144
\tagwidth@=\dimen145
\totwidth@=\dimen146
\lineht@=\dimen147
\@envbody=\toks19
\multlinegap=\skip50
\multlinetaggap=\skip51
\mathdisplay@stack=\toks20
LaTeX Info: Redefining \[ on input line 2923.
LaTeX Info: Redefining \] on input line 2924.
)
(c:/Users/Francisco Meneses R/AppData/Roaming/TinyTeX/texmf-dist/tex/generic/if
tex/ifxetex.sty
Package: ifxetex 2019/10/25 v0.7 ifxetex legacy package. Use iftex instead.

(c:/Users/Francisco Meneses R/AppData/Roaming/TinyTeX/texmf-dist/tex/generic/if
tex/iftex.sty
Package: iftex 2020/03/06 v1.0d TeX engine tests
))
(c:/Users/Francisco Meneses R/AppData/Roaming/TinyTeX/texmf-dist/tex/generic/if
tex/ifluatex.sty
Package: ifluatex 2019/10/25 v1.5 ifluatex legacy package. Use iftex instead.
)
(c:/Users/Francisco Meneses R/AppData/Roaming/TinyTeX/texmf-dist/tex/latex/base
/fontenc.sty
Package: fontenc 2020/08/10 v2.0s Standard LaTeX package
LaTeX Font Info:    Trying to load font information for T1+lmr on input line 11
2.

(c:/Users/Francisco Meneses R/AppData/Roaming/TinyTeX/texmf-dist/tex/latex/lm/t
1lmr.fd
File: t1lmr.fd 2009/10/30 v1.6 Font defs for Latin Modern
))
(c:/Users/Francisco Meneses R/AppData/Roaming/TinyTeX/texmf-dist/tex/latex/base
/inputenc.sty
Package: inputenc 2020/08/01 v1.3d Input encoding file
\inpenc@prehook=\toks21
\inpenc@posthook=\toks22
)
(c:/Users/Francisco Meneses R/AppData/Roaming/TinyTeX/texmf-dist/tex/latex/base
/textcomp.sty
Package: textcomp 2020/02/02 v2.0n Standard LaTeX package
)
(c:/Users/Francisco Meneses R/AppData/Roaming/TinyTeX/texmf-dist/tex/latex/pars
kip/parskip.sty
Package: parskip 2021-03-14 v2.0h non-zero parskip adjustments

(c:/Users/Francisco Meneses R/AppData/Roaming/TinyTeX/texmf-dist/tex/latex/kvop
tions/kvoptions.sty
Package: kvoptions 2020-10-07 v3.14 Key value format for package options (HO)

(c:/Users/Francisco Meneses R/AppData/Roaming/TinyTeX/texmf-dist/tex/latex/grap
hics/keyval.sty
Package: keyval 2014/10/28 v1.15 key=value parser (DPC)
\KV@toks@=\toks23
)
(c:/Users/Francisco Meneses R/AppData/Roaming/TinyTeX/texmf-dist/tex/generic/lt
xcmds/ltxcmds.sty
Package: ltxcmds 2020-05-10 v1.25 LaTeX kernel commands for general use (HO)
)
(c:/Users/Francisco Meneses R/AppData/Roaming/TinyTeX/texmf-dist/tex/generic/kv
setkeys/kvsetkeys.sty
Package: kvsetkeys 2019/12/15 v1.18 Key value parser (HO)
))
(c:/Users/Francisco Meneses R/AppData/Roaming/TinyTeX/texmf-dist/tex/latex/etoo
lbox/etoolbox.sty
Package: etoolbox 2020/10/05 v2.5k e-TeX tools for LaTeX (JAW)
\etb@tempcnta=\count199
))
(c:/Users/Francisco Meneses R/AppData/Roaming/TinyTeX/texmf-dist/tex/latex/xcol
or/xcolor.sty
Package: xcolor 2016/05/11 v2.12 LaTeX color extensions (UK)

(c:/Users/Francisco Meneses R/AppData/Roaming/TinyTeX/texmf-dist/tex/latex/grap
hics-cfg/color.cfg
File: color.cfg 2016/01/02 v1.6 sample color configuration
)
Package xcolor Info: Driver file: pdftex.def on input line 225.

(c:/Users/Francisco Meneses R/AppData/Roaming/TinyTeX/texmf-dist/tex/latex/grap
hics-def/pdftex.def
File: pdftex.def 2020/10/05 v1.2a Graphics/color driver for pdftex
)
Package xcolor Info: Model `cmy' substituted by `cmy0' on input line 1348.
Package xcolor Info: Model `hsb' substituted by `rgb' on input line 1352.
Package xcolor Info: Model `RGB' extended on input line 1364.
Package xcolor Info: Model `HTML' substituted by `rgb' on input line 1366.
Package xcolor Info: Model `Hsb' substituted by `hsb' on input line 1367.
Package xcolor Info: Model `tHsb' substituted by `hsb' on input line 1368.
Package xcolor Info: Model `HSB' substituted by `hsb' on input line 1369.
Package xcolor Info: Model `Gray' substituted by `gray' on input line 1370.
Package xcolor Info: Model `wave' substituted by `hsb' on input line 1371.

(c:/Users/Francisco Meneses R/AppData/Roaming/TinyTeX/texmf-dist/tex/latex/grap
hics/dvipsnam.def
File: dvipsnam.def 2016/06/17 v3.0m Driver-dependent file (DPC,SPQR)
)
(c:/Users/Francisco Meneses R/AppData/Roaming/TinyTeX/texmf-dist/tex/latex/xcol
or/svgnam.def
File: svgnam.def 2016/05/11 v2.12 Predefined colors according to SVG 1.1 (UK)
)
(c:/Users/Francisco Meneses R/AppData/Roaming/TinyTeX/texmf-dist/tex/latex/xcol
or/x11nam.def
File: x11nam.def 2016/05/11 v2.12 Predefined colors according to Unix/X11 (UK)
))
(c:/Users/Francisco Meneses R/AppData/Roaming/TinyTeX/texmf-dist/tex/latex/hype
rref/hyperref.sty
Package: hyperref 2021-02-27 v7.00k Hypertext links for LaTeX

(c:/Users/Francisco Meneses R/AppData/Roaming/TinyTeX/texmf-dist/tex/generic/pd
ftexcmds/pdftexcmds.sty
Package: pdftexcmds 2020-06-27 v0.33 Utility functions of pdfTeX for LuaTeX (HO
)

(c:/Users/Francisco Meneses R/AppData/Roaming/TinyTeX/texmf-dist/tex/generic/in
fwarerr/infwarerr.sty
Package: infwarerr 2019/12/03 v1.5 Providing info/warning/error messages (HO)
)
Package pdftexcmds Info: \pdf@primitive is available.
Package pdftexcmds Info: \pdf@ifprimitive is available.
Package pdftexcmds Info: \pdfdraftmode found.
)
(c:/Users/Francisco Meneses R/AppData/Roaming/TinyTeX/texmf-dist/tex/generic/kv
definekeys/kvdefinekeys.sty
Package: kvdefinekeys 2019-12-19 v1.6 Define keys (HO)
)
(c:/Users/Francisco Meneses R/AppData/Roaming/TinyTeX/texmf-dist/tex/generic/pd
fescape/pdfescape.sty
Package: pdfescape 2019/12/09 v1.15 Implements pdfTeX's escape features (HO)
)
(c:/Users/Francisco Meneses R/AppData/Roaming/TinyTeX/texmf-dist/tex/latex/hyco
lor/hycolor.sty
Package: hycolor 2020-01-27 v1.10 Color options for hyperref/bookmark (HO)
)
(c:/Users/Francisco Meneses R/AppData/Roaming/TinyTeX/texmf-dist/tex/latex/letl
txmacro/letltxmacro.sty
Package: letltxmacro 2019/12/03 v1.6 Let assignment for LaTeX macros (HO)
)
(c:/Users/Francisco Meneses R/AppData/Roaming/TinyTeX/texmf-dist/tex/latex/auxh
ook/auxhook.sty
Package: auxhook 2019-12-17 v1.6 Hooks for auxiliary files (HO)
)
\@linkdim=\dimen148
\Hy@linkcounter=\count266
\Hy@pagecounter=\count267

(c:/Users/Francisco Meneses R/AppData/Roaming/TinyTeX/texmf-dist/tex/latex/hype
rref/pd1enc.def
File: pd1enc.def 2021-02-27 v7.00k Hyperref: PDFDocEncoding definition (HO)
Now handling font encoding PD1 ...
... no UTF-8 mapping file for font encoding PD1
)
(c:/Users/Francisco Meneses R/AppData/Roaming/TinyTeX/texmf-dist/tex/latex/hype
rref/hyperref-langpatches.def
File: hyperref-langpatches.def 2021-02-27 v7.00k Hyperref: patches for babel la
nguages
)
(c:/Users/Francisco Meneses R/AppData/Roaming/TinyTeX/texmf-dist/tex/generic/in
tcalc/intcalc.sty
Package: intcalc 2019/12/15 v1.3 Expandable calculations with integers (HO)
)
(c:/Users/Francisco Meneses R/AppData/Roaming/TinyTeX/texmf-dist/tex/generic/et
excmds/etexcmds.sty
Package: etexcmds 2019/12/15 v1.7 Avoid name clashes with e-TeX commands (HO)
)
\Hy@SavedSpaceFactor=\count268

(c:/Users/Francisco Meneses R/AppData/Roaming/TinyTeX/texmf-dist/tex/latex/hype
rref/puenc.def
File: puenc.def 2021-02-27 v7.00k Hyperref: PDF Unicode definition (HO)
Now handling font encoding PU ...
... no UTF-8 mapping file for font encoding PU
)
Package hyperref Info: Option `unicode' set `true' on input line 4073.
Package hyperref Info: Hyper figures OFF on input line 4192.
Package hyperref Info: Link nesting OFF on input line 4197.
Package hyperref Info: Hyper index ON on input line 4200.
Package hyperref Info: Plain pages OFF on input line 4207.
Package hyperref Info: Backreferencing OFF on input line 4212.
Package hyperref Info: Implicit mode ON; LaTeX internals redefined.
Package hyperref Info: Bookmarks ON on input line 4445.
\c@Hy@tempcnt=\count269

(c:/Users/Francisco Meneses R/AppData/Roaming/TinyTeX/texmf-dist/tex/latex/url/
url.sty
\Urlmuskip=\muskip17
Package: url 2013/09/16  ver 3.4  Verb mode for urls, etc.
)
LaTeX Info: Redefining \url on input line 4804.
\XeTeXLinkMargin=\dimen149

(c:/Users/Francisco Meneses R/AppData/Roaming/TinyTeX/texmf-dist/tex/generic/bi
tset/bitset.sty
Package: bitset 2019/12/09 v1.3 Handle bit-vector datatype (HO)

(c:/Users/Francisco Meneses R/AppData/Roaming/TinyTeX/texmf-dist/tex/generic/bi
gintcalc/bigintcalc.sty
Package: bigintcalc 2019/12/15 v1.5 Expandable calculations on big integers (HO
)
))
\Fld@menulength=\count270
\Field@Width=\dimen150
\Fld@charsize=\dimen151
Package hyperref Info: Hyper figures OFF on input line 6075.
Package hyperref Info: Link nesting OFF on input line 6080.
Package hyperref Info: Hyper index ON on input line 6083.
Package hyperref Info: backreferencing OFF on input line 6090.
Package hyperref Info: Link coloring OFF on input line 6095.
Package hyperref Info: Link coloring with OCG OFF on input line 6100.
Package hyperref Info: PDF/A mode OFF on input line 6105.
LaTeX Info: Redefining \ref on input line 6145.
LaTeX Info: Redefining \pageref on input line 6149.

(c:/Users/Francisco Meneses R/AppData/Roaming/TinyTeX/texmf-dist/tex/latex/base
/atbegshi-ltx.sty
Package: atbegshi-ltx 2020/08/17 v1.0a Emulation of the original atbegshi packa
ge
with kernel methods
)
\Hy@abspage=\count271
\c@Item=\count272
\c@Hfootnote=\count273
)
Package hyperref Info: Driver (autodetected): hpdftex.

(c:/Users/Francisco Meneses R/AppData/Roaming/TinyTeX/texmf-dist/tex/latex/hype
rref/hpdftex.def
File: hpdftex.def 2021-02-27 v7.00k Hyperref driver for pdfTeX

(c:/Users/Francisco Meneses R/AppData/Roaming/TinyTeX/texmf-dist/tex/latex/base
/atveryend-ltx.sty
Package: atveryend-ltx 2020/08/19 v1.0a Emulation of the original atvery packag
e
with kernel methods
)
\Fld@listcount=\count274
\c@bookmark@seq@number=\count275

(c:/Users/Francisco Meneses R/AppData/Roaming/TinyTeX/texmf-dist/tex/latex/reru
nfilecheck/rerunfilecheck.sty
Package: rerunfilecheck 2019/12/05 v1.9 Rerun checks for auxiliary files (HO)

(c:/Users/Francisco Meneses R/AppData/Roaming/TinyTeX/texmf-dist/tex/generic/un
iquecounter/uniquecounter.sty
Package: uniquecounter 2019/12/15 v1.4 Provide unlimited unique counter (HO)
)
Package uniquecounter Info: New unique counter `rerunfilecheck' on input line 2
86.
)
\Hy@SectionHShift=\skip52
)
Package hyperref Info: Option `colorlinks' set `true' on input line 49.

(c:/Users/Francisco Meneses R/AppData/Roaming/TinyTeX/texmf-dist/tex/latex/geom
etry/geometry.sty
Package: geometry 2020/01/02 v5.9 Page Geometry

(c:/Users/Francisco Meneses R/AppData/Roaming/TinyTeX/texmf-dist/tex/generic/if
tex/ifvtex.sty
Package: ifvtex 2019/10/25 v1.7 ifvtex legacy package. Use iftex instead.
)
\Gm@cnth=\count276
\Gm@cntv=\count277
\c@Gm@tempcnt=\count278
\Gm@bindingoffset=\dimen152
\Gm@wd@mp=\dimen153
\Gm@odd@mp=\dimen154
\Gm@even@mp=\dimen155
\Gm@layoutwidth=\dimen156
\Gm@layoutheight=\dimen157
\Gm@layouthoffset=\dimen158
\Gm@layoutvoffset=\dimen159
\Gm@dimlist=\toks24
)
(c:/Users/Francisco Meneses R/AppData/Roaming/TinyTeX/texmf-dist/tex/latex/tool
s/longtable.sty
Package: longtable 2020/01/07 v4.13 Multi-page Table package (DPC)
\LTleft=\skip53
\LTright=\skip54
\LTpre=\skip55
\LTpost=\skip56
\LTchunksize=\count279
\LTcapwidth=\dimen160
\LT@head=\box49
\LT@firsthead=\box50
\LT@foot=\box51
\LT@lastfoot=\box52
\LT@cols=\count280
\LT@rows=\count281
\c@LT@tables=\count282
\c@LT@chunks=\count283
\LT@p@ftn=\toks25
)
(c:/Users/Francisco Meneses R/AppData/Roaming/TinyTeX/texmf-dist/tex/latex/book
tabs/booktabs.sty
Package: booktabs 2020/01/12 v1.61803398 Publication quality tables
\heavyrulewidth=\dimen161
\lightrulewidth=\dimen162
\cmidrulewidth=\dimen163
\belowrulesep=\dimen164
\belowbottomsep=\dimen165
\aboverulesep=\dimen166
\abovetopsep=\dimen167
\cmidrulesep=\dimen168
\cmidrulekern=\dimen169
\defaultaddspace=\dimen170
\@cmidla=\count284
\@cmidlb=\count285
\@aboverulesep=\dimen171
\@belowrulesep=\dimen172
\@thisruleclass=\count286
\@lastruleclass=\count287
\@thisrulewidth=\dimen173
)
(c:/Users/Francisco Meneses R/AppData/Roaming/TinyTeX/texmf-dist/tex/latex/mdwt
ools/footnote.sty
Package: footnote 1997/01/28 1.13 Save footnotes around boxes
\fn@notes=\box53
\fn@width=\dimen174
)
(c:/Users/Francisco Meneses R/AppData/Roaming/TinyTeX/texmf-dist/tex/latex/grap
hics/graphicx.sty
Package: graphicx 2020/09/09 v1.2b Enhanced LaTeX Graphics (DPC,SPQR)

(c:/Users/Francisco Meneses R/AppData/Roaming/TinyTeX/texmf-dist/tex/latex/grap
hics/graphics.sty
Package: graphics 2020/08/30 v1.4c Standard LaTeX Graphics (DPC,SPQR)

(c:/Users/Francisco Meneses R/AppData/Roaming/TinyTeX/texmf-dist/tex/latex/grap
hics/trig.sty
Package: trig 2016/01/03 v1.10 sin cos tan (DPC)
)
(c:/Users/Francisco Meneses R/AppData/Roaming/TinyTeX/texmf-dist/tex/latex/grap
hics-cfg/graphics.cfg
File: graphics.cfg 2016/06/04 v1.11 sample graphics configuration
)
Package graphics Info: Driver file: pdftex.def on input line 105.
)
\Gin@req@height=\dimen175
\Gin@req@width=\dimen176
)
(c:/Users/Francisco Meneses R/AppData/Roaming/TinyTeX/texmf-dist/tex/latex/grff
ile/grffile.sty
Package: grffile 2019/11/11 v2.1 Extended file name support for graphics (legac
y)
Package grffile Info: This package is an empty stub for compatibility on input 
line 40.
)
(c:/Users/Francisco Meneses R/AppData/Roaming/TinyTeX/texmf-dist/tex/latex/capt
ion/caption.sty
Package: caption 2020/10/26 v3.5g Customizing captions (AR)

(c:/Users/Francisco Meneses R/AppData/Roaming/TinyTeX/texmf-dist/tex/latex/capt
ion/caption3.sty
Package: caption3 2020/10/21 v2.2e caption3 kernel (AR)
\captionmargin=\dimen177
\captionmargin@=\dimen178
\captionwidth=\dimen179
\caption@tempdima=\dimen180
\caption@indent=\dimen181
\caption@parindent=\dimen182
\caption@hangindent=\dimen183
Package caption Info: Standard document class detected.
)
\c@caption@flags=\count288
\c@continuedfloat=\count289
Package caption Info: hyperref package is loaded.
Package caption Info: longtable package is loaded.

(c:/Users/Francisco Meneses R/AppData/Roaming/TinyTeX/texmf-dist/tex/latex/capt
ion/ltcaption.sty
Package: ltcaption 2020/05/30 v1.4b longtable captions (AR)
))
(c:/Users/Francisco Meneses R/AppData/Roaming/TinyTeX/texmf-dist/tex/generic/ba
bel/babel.sty
Package: babel 2021/03/03 3.55 The Babel package

(c:/Users/Francisco Meneses R/AppData/Roaming/TinyTeX/texmf-dist/tex/generic/ba
bel/babel.def
File: babel.def 2021/03/03 3.55 Babel common definitions
\babel@savecnt=\count290
\U@D=\dimen184
\l@babelnohyphens=\language4

(c:/Users/Francisco Meneses R/AppData/Roaming/TinyTeX/texmf-dist/tex/generic/ba
bel/txtbabel.def)
\bbl@readstream=\read2
)
\bbl@dirlevel=\count291

(c:/Users/Francisco Meneses R/AppData/Roaming/TinyTeX/texmf-dist/tex/generic/ba
bel-spanish/spanish.ldf
Language: spanish.ldf 2016/03/03 v5.0p Spanish support from the babel system
\es@quottoks=\toks26
\es@quotdepth=\count292
Package babel Info: Making " an active character on input line 561.
Package babel Info: Making < an active character on input line 707.
Package babel Info: Making > an active character on input line 707.
))
(c:/Users/Francisco Meneses R/AppData/Roaming/TinyTeX/texmf-dist/tex/latex/floa
t/float.sty
Package: float 2001/11/08 v1.3d Float enhancements (AL)
\c@float@type=\count293
\float@exts=\toks27
\float@box=\box54
\@float@everytoks=\toks28
\@floatcapt=\box55
)
(c:/Users/Francisco Meneses R/AppData/Roaming/TinyTeX/texmf-dist/tex/latex/tool
s/array.sty
Package: array 2020/10/01 v2.5c Tabular extension package (FMi)
\col@sep=\dimen185
\ar@mcellbox=\box56
\extrarowheight=\dimen186
\NC@list=\toks29
\extratabsurround=\skip57
\backup@length=\skip58
\ar@cellbox=\box57
)
(c:/Users/Francisco Meneses R/AppData/Roaming/TinyTeX/texmf-dist/tex/latex/mult
irow/multirow.sty
Package: multirow 2021/03/15 v2.8 Span multiple rows of a table
\multirow@colwidth=\skip59
\multirow@cntb=\count294
\multirow@dima=\skip60
\bigstrutjot=\dimen187
)
(c:/Users/Francisco Meneses R/AppData/Roaming/TinyTeX/texmf-dist/tex/latex/wrap
fig/wrapfig.sty
\wrapoverhang=\dimen188
\WF@size=\dimen189
\c@WF@wrappedlines=\count295
\WF@box=\box58
\WF@everypar=\toks30
Package: wrapfig 2003/01/31  v 3.6
)
(c:/Users/Francisco Meneses R/AppData/Roaming/TinyTeX/texmf-dist/tex/latex/colo
rtbl/colortbl.sty
Package: colortbl 2020/01/04 v1.0e Color table columns (DPC)
\everycr=\toks31
\minrowclearance=\skip61
)
(c:/Users/Francisco Meneses R/AppData/Roaming/TinyTeX/texmf-dist/tex/latex/pdfl
scape/pdflscape.sty
Package: pdflscape 2019/12/05 v0.12 Display of landscape pages in PDF (HO)

(c:/Users/Francisco Meneses R/AppData/Roaming/TinyTeX/texmf-dist/tex/latex/grap
hics/lscape.sty
Package: lscape 2020/05/28 v3.02 Landscape Pages (DPC)
)
Package pdflscape Info: Auto-detected driver: pdftex on input line 81.
)
(c:/Users/Francisco Meneses R/AppData/Roaming/TinyTeX/texmf-dist/tex/latex/tabu
/tabu.sty
Package: tabu 2019/01/11 v2.9 - flexible LaTeX tabulars (FC+tabu-fixed)

(c:/Users/Francisco Meneses R/AppData/Roaming/TinyTeX/texmf-dist/tex/latex/varw
idth/varwidth.sty
Package: varwidth 2009/03/30 ver 0.92;  Variable-width minipages
\@vwid@box=\box59
\sift@deathcycles=\count296
\@vwid@loff=\dimen190
\@vwid@roff=\dimen191
)
\c@taburow=\count297
\tabu@nbcols=\count298
\tabu@cnt=\count299
\tabu@Xcol=\count300
\tabu@alloc=\count301
\tabu@nested=\count302
\tabu@target=\dimen192
\tabu@spreadtarget=\dimen193
\tabu@naturalX=\dimen194
\tabucolX=\dimen195
\tabu@Xsum=\dimen196
\extrarowdepth=\dimen197
\abovetabulinesep=\dimen198
\belowtabulinesep=\dimen199
\tabustrutrule=\dimen256
\tabu@thebody=\toks32
\tabu@footnotes=\toks33
\tabu@box=\box60
\tabu@arstrutbox=\box61
\tabu@hleads=\box62
\tabu@vleads=\box63
\tabu@cellskip=\skip62
)
(c:/Users/Francisco Meneses R/AppData/Roaming/TinyTeX/texmf-dist/tex/latex/thre
eparttable/threeparttable.sty
Package: threeparttable 2003/06/13  v 3.0
\@tempboxb=\box64
)
(c:/Users/Francisco Meneses R/AppData/Roaming/TinyTeX/texmf-dist/tex/latex/l3ba
ckend/l3backend-pdftex.def
File: l3backend-pdftex.def 2021-03-18 L3 backend support: PDF output (pdfTeX)
\l__color_backend_stack_int=\count303
\l__pdf_internal_box=\box65
) (./paper.aux
LaTeX Info: Redefining \. on input line 25.
LaTeX Info: Redefining \% on input line 25.
)
\openout1 = `paper.aux'.

LaTeX Font Info:    Checking defaults for OML/cmm/m/it on input line 105.
LaTeX Font Info:    ... okay on input line 105.
LaTeX Font Info:    Checking defaults for OMS/cmsy/m/n on input line 105.
LaTeX Font Info:    ... okay on input line 105.
LaTeX Font Info:    Checking defaults for OT1/cmr/m/n on input line 105.
LaTeX Font Info:    ... okay on input line 105.
LaTeX Font Info:    Checking defaults for T1/cmr/m/n on input line 105.
LaTeX Font Info:    ... okay on input line 105.
LaTeX Font Info:    Checking defaults for TS1/cmr/m/n on input line 105.
LaTeX Font Info:    ... okay on input line 105.
LaTeX Font Info:    Checking defaults for OMX/cmex/m/n on input line 105.
LaTeX Font Info:    ... okay on input line 105.
LaTeX Font Info:    Checking defaults for U/cmr/m/n on input line 105.
LaTeX Font Info:    ... okay on input line 105.
LaTeX Font Info:    Checking defaults for PD1/pdf/m/n on input line 105.
LaTeX Font Info:    ... okay on input line 105.
LaTeX Font Info:    Checking defaults for PU/pdf/m/n on input line 105.
LaTeX Font Info:    ... okay on input line 105.

(c:/Users/Francisco Meneses R/AppData/Roaming/TinyTeX/texmf-dist/tex/latex/epst
opdf-pkg/epstopdf-base.sty
Package: epstopdf-base 2020-01-24 v2.11 Base part for package epstopdf
Package epstopdf-base Info: Redefining graphics rule for `.eps' on input line 4
85.

(c:/Users/Francisco Meneses R/AppData/Roaming/TinyTeX/texmf-dist/tex/latex/late
xconfig/epstopdf-sys.cfg
File: epstopdf-sys.cfg 2010/07/13 v1.3 Configuration of (r)epstopdf for TeX Liv
e
))
Package hyperref Info: Link coloring ON on input line 105.

(c:/Users/Francisco Meneses R/AppData/Roaming/TinyTeX/texmf-dist/tex/latex/hype
rref/nameref.sty
Package: nameref 2021-04-02 v2.47 Cross-referencing by name of section

(c:/Users/Francisco Meneses R/AppData/Roaming/TinyTeX/texmf-dist/tex/latex/refc
ount/refcount.sty
Package: refcount 2019/12/15 v3.6 Data extraction from label references (HO)
)
(c:/Users/Francisco Meneses R/AppData/Roaming/TinyTeX/texmf-dist/tex/generic/ge
ttitlestring/gettitlestring.sty
Package: gettitlestring 2019/12/15 v1.6 Cleanup title references (HO)
)
\c@section@level=\count304
)
LaTeX Info: Redefining \ref on input line 105.
LaTeX Info: Redefining \pageref on input line 105.
LaTeX Info: Redefining \nameref on input line 105.
(./paper.out) (./paper.out)
\@outlinefile=\write3
\openout3 = `paper.out'.

*geometry* driver: auto-detecting
*geometry* detected driver: pdftex
*geometry* verbose mode - [ preamble ] result:
* driver: pdftex
* paper: custom
* layout: <same size as paper>
* layoutoffset:(h,v)=(0.0pt,0.0pt)
* modes: 
* h-part:(L,W,R)=(39.74872pt, 643.20256pt, 39.74872pt)
* v-part:(T,H,B)=(39.74872pt, 715.47255pt, 39.74872pt)
* \paperwidth=722.7pt
* \paperheight=794.96999pt
* \textwidth=643.20256pt
* \textheight=715.47255pt
* \oddsidemargin=-32.52127pt
* \evensidemargin=-32.52127pt
* \topmargin=-69.52127pt
* \headheight=12.0pt
* \headsep=25.0pt
* \topskip=12.0pt
* \footskip=30.0pt
* \marginparwidth=44.0pt
* \marginparsep=10.0pt
* \columnsep=10.0pt
* \skip\footins=10.8pt plus 4.0pt minus 2.0pt
* \hoffset=0.0pt
* \voffset=0.0pt
* \mag=1000
* \@twocolumnfalse
* \@twosidefalse
* \@mparswitchfalse
* \@reversemarginfalse
* (1in=72.27pt=25.4mm, 1cm=28.453pt)

Package caption Info: Begin \AtBeginDocument code.
Package caption Info: float package is loaded.
Package caption Info: threeparttable package is loaded.
Package caption Info: wrapfig package is loaded.
Package caption Info: End \AtBeginDocument code.
LaTeX Info: Redefining \. on input line 105.
LaTeX Info: Redefining \% on input line 105.
LaTeX Font Info:    Trying to load font information for OT1+lmr on input line 1
07.

(c:/Users/Francisco Meneses R/AppData/Roaming/TinyTeX/texmf-dist/tex/latex/lm/o
t1lmr.fd
File: ot1lmr.fd 2009/10/30 v1.6 Font defs for Latin Modern
)
LaTeX Font Info:    Trying to load font information for OML+lmm on input line 1
07.

(c:/Users/Francisco Meneses R/AppData/Roaming/TinyTeX/texmf-dist/tex/latex/lm/o
mllmm.fd
File: omllmm.fd 2009/10/30 v1.6 Font defs for Latin Modern
)
LaTeX Font Info:    Trying to load font information for OMS+lmsy on input line 
107.

(c:/Users/Francisco Meneses R/AppData/Roaming/TinyTeX/texmf-dist/tex/latex/lm/o
mslmsy.fd
File: omslmsy.fd 2009/10/30 v1.6 Font defs for Latin Modern
)
LaTeX Font Info:    Trying to load font information for OMX+lmex on input line 
107.

(c:/Users/Francisco Meneses R/AppData/Roaming/TinyTeX/texmf-dist/tex/latex/lm/o
mxlmex.fd
File: omxlmex.fd 2009/10/30 v1.6 Font defs for Latin Modern
)
LaTeX Font Info:    External font `lmex10' loaded for size
(Font)              <14.4> on input line 107.
LaTeX Font Info:    External font `lmex10' loaded for size
(Font)              <10> on input line 107.
LaTeX Font Info:    External font `lmex10' loaded for size
(Font)              <7> on input line 107.
LaTeX Font Info:    Trying to load font information for U+msa on input line 107
.

(c:/Users/Francisco Meneses R/AppData/Roaming/TinyTeX/texmf-dist/tex/latex/amsf
onts/umsa.fd
File: umsa.fd 2013/01/14 v3.01 AMS symbols A
)
LaTeX Font Info:    Trying to load font information for U+msb on input line 107
.

(c:/Users/Francisco Meneses R/AppData/Roaming/TinyTeX/texmf-dist/tex/latex/amsf
onts/umsb.fd
File: umsb.fd 2013/01/14 v3.01 AMS symbols B
) (./paper.toc
LaTeX Info: Redefining \. on input line 1.
LaTeX Info: Redefining \% on input line 1.
LaTeX Font Info:    External font `lmex10' loaded for size
(Font)              <12> on input line 4.
LaTeX Font Info:    External font `lmex10' loaded for size
(Font)              <8> on input line 4.
LaTeX Font Info:    External font `lmex10' loaded for size
(Font)              <6> on input line 4.
)
\tf@toc=\write4
\openout4 = `paper.toc'.

[1

{c:/Users/Francisco Meneses R/AppData/Roaming/TinyTeX/texmf-var/fonts/map/pdfte
x/updmap/pdftex.map}] [2] [3] [4] [5] [6]
LaTeX Font Info:    Trying to load font information for TS1+lmr on input line 2
04.

(c:/Users/Francisco Meneses R/AppData/Roaming/TinyTeX/texmf-dist/tex/latex/lm/t
s1lmr.fd
File: ts1lmr.fd 2009/10/30 v1.6 Font defs for Latin Modern
)
LaTeX Font Info:    External font `lmex10' loaded for size
(Font)              <5> on input line 220.

Overfull \hbox (2.03966pt too wide) in paragraph at lines 232--232
\T1/lmr/m/n/10 Meritocrática|  
 []


Overfull \vbox (24.0pt too high) detected at line 274
 []


Overfull \vbox (3.31122pt too high) detected at line 274
 []


LaTeX Warning: `!h' float specifier changed to `!ht'.

[7] [8]
LaTeX Font Info:    Trying to load font information for T1+lmtt on input line 3
10.

(c:/Users/Francisco Meneses R/AppData/Roaming/TinyTeX/texmf-dist/tex/latex/lm/t
1lmtt.fd
File: t1lmtt.fd 2009/10/30 v1.6 Font defs for Latin Modern
) [9]
<../../output/tables/Data-Frame-Summary.png, id=335, 894.34125pt x 927.465pt>
File: ../../output/tables/Data-Frame-Summary.png Graphic file (type png)
<use ../../output/tables/Data-Frame-Summary.png>
Package pdftex.def Info: ../../output/tables/Data-Frame-Summary.png  used on in
put line 326.
(pdftex.def)             Requested size: 514.56975pt x 533.62788pt.
[10 <../../output/tables/Data-Frame-Summary.png>]
<../../output/tables/correlacionesp.png, id=347, 643.6547pt x 193.47281pt>
File: ../../output/tables/correlacionesp.png Graphic file (type png)
<use ../../output/tables/correlacionesp.png>
Package pdftex.def Info: ../../output/tables/correlacionesp.png  used on input 
line 339.
(pdftex.def)             Requested size: 546.74568pt x 164.34343pt.

Overfull \hbox (21.23941pt too wide) in paragraph at lines 351--393
 [] 
 []

[11 <../../output/tables/correlacionesp.png>] [12]
<paper_files/figure-latex/interac-1.pdf, id=364, 722.7pt x 325.215pt>
File: paper_files/figure-latex/interac-1.pdf Graphic file (type pdf)
<use paper_files/figure-latex/interac-1.pdf>
Package pdftex.def Info: paper_files/figure-latex/interac-1.pdf  used on input 
line 406.
(pdftex.def)             Requested size: 643.212pt x 289.4454pt.
[13 <./paper_files/figure-latex/interac-1.pdf>] [14] [15] [16] [17] [18]

Package caption Warning: Unused \captionsetup[figure] on input line \caption@op
t@figure@lineno .
See the caption package documentation for explanation.


Package caption Warning: Unused \captionsetup[ table] on input line \caption@op
t@ table@lineno .
See the caption package documentation for explanation.

[19] (./paper.aux
LaTeX Info: Redefining \. on input line 25.
LaTeX Info: Redefining \% on input line 25.
)
Package rerunfilecheck Info: File `paper.out' has not changed.
(rerunfilecheck)             Checksum: 744ABAF63A07E0BEE49CB86CC2DB3FD7;2723.
 ) 
Here is how much of TeX's memory you used:
 14240 strings out of 480944
 219237 string characters out of 5903703
 589912 words of memory out of 5000000
 31049 multiletter control sequences out of 15000+600000
 470666 words of font info for 80 fonts, out of 8000000 for 9000
 14 hyphenation exceptions out of 8191
 71i,16n,74p,2509b,496s stack positions out of 5000i,500n,10000p,200000b,80000s
{c:/Users/Francisco Meneses R/AppData/Roaming/TinyTeX/texmf-dist/fonts/enc/dv
ips/lm/lm-ts1.enc}{c:/Users/Francisco Meneses R/AppData/Roaming/TinyTeX/texmf-d
ist/fonts/enc/dvips/lm/lm-mathsy.enc}{c:/Users/Francisco Meneses R/AppData/Roam
ing/TinyTeX/texmf-dist/fonts/enc/dvips/lm/lm-ec.enc}{c:/Users/Francisco Meneses
 R/AppData/Roaming/TinyTeX/texmf-dist/fonts/enc/dvips/lm/lm-rm.enc}{c:/Users/Fr
ancisco Meneses R/AppData/Roaming/TinyTeX/texmf-dist/fonts/enc/dvips/lm/lm-math
it.enc}<c:/Users/Francisco Meneses R/AppData/Roaming/TinyTeX/texmf-dist/fonts/t
ype1/public/lm/lmbx12.pfb><c:/Users/Francisco Meneses R/AppData/Roaming/TinyTeX
/texmf-dist/fonts/type1/public/lm/lmmi10.pfb><c:/Users/Francisco Meneses R/AppD
ata/Roaming/TinyTeX/texmf-dist/fonts/type1/public/lm/lmmi12.pfb><c:/Users/Franc
isco Meneses R/AppData/Roaming/TinyTeX/texmf-dist/fonts/type1/public/lm/lmmi7.p
fb><c:/Users/Francisco Meneses R/AppData/Roaming/TinyTeX/texmf-dist/fonts/type1
/public/lm/lmr10.pfb><c:/Users/Francisco Meneses R/AppData/Roaming/TinyTeX/texm
f-dist/fonts/type1/public/lm/lmr12.pfb><c:/Users/Francisco Meneses R/AppData/Ro
aming/TinyTeX/texmf-dist/fonts/type1/public/lm/lmr17.pfb><c:/Users/Francisco Me
neses R/AppData/Roaming/TinyTeX/texmf-dist/fonts/type1/public/lm/lmr7.pfb><c:/U
sers/Francisco Meneses R/AppData/Roaming/TinyTeX/texmf-dist/fonts/type1/public/
lm/lmr8.pfb><c:/Users/Francisco Meneses R/AppData/Roaming/TinyTeX/texmf-dist/fo
nts/type1/public/lm/lmri12.pfb><c:/Users/Francisco Meneses R/AppData/Roaming/Ti
nyTeX/texmf-dist/fonts/type1/public/lm/lmsy10.pfb><c:/Users/Francisco Meneses R
/AppData/Roaming/TinyTeX/texmf-dist/fonts/type1/public/lm/lmsy8.pfb><c:/Users/F
rancisco Meneses R/AppData/Roaming/TinyTeX/texmf-dist/fonts/type1/public/lm/lmt
t10.pfb><c:/Users/Francisco Meneses R/AppData/Roaming/TinyTeX/texmf-dist/fonts/
type1/public/lm/lmtt12.pfb>
Output written on paper.pdf (19 pages, 399419 bytes).
PDF statistics:
 594 PDF objects out of 1000 (max. 8388607)
 547 compressed objects within 6 object streams
 141 named destinations out of 1000 (max. 500000)
 136 words of extra memory for PDF output out of 10000 (max. 10000000)

